<?xml version="1.0" encoding="UTF-8"?>
<!-- Generated by org.testng.reporters.JUnitReportReporter -->
<testsuite skipped="0" hostname="Amar" name="pac.Sample1" tests="1" failures="0" timestamp="12 Oct 2020 07:55:52 GMT" time="33.181" errors="0">
  <testcase name="amazonHome" time="33.181" classname="pac.Sample1"/>
</testsuite> <!-- pac.Sample1 -->
